seed = 324342
count = 24239
%f sequence:
0.538420
0.229282
0.541411
0.501088
0.791317
0.660412
0.544912
0.339999
0.354862
0.163255
0.830817
0.544949
0.962289
0.187473
0.853634
0.020107
0.933530
0.845112
0.798997
0.745001
0.235928
0.235072
0.862297
0.633573
0.461601
0.133580
0.076598
0.384070
0.063400
0.559783
0.278803
0.836588
0.528871
0.735305
0.270610
0.145371
0.258386
0.689834
0.047699
0.675140
0.086233
0.324931
0.119708
0.938230
0.837573
0.084647
0.667738
0.679496
0.296040
0.548132
0.449246
0.476125
0.235368
0.834398
0.721918
0.278397
0.021041
0.635293
0.374103
0.555125
0.993275
0.964727
0.168072
0.782202
0.475896
0.385961
0.841762
0.488591
0.752360
0.922553
0.340539
0.432574
0.265269
0.376767
0.329166
0.287756
0.320184
0.339445
0.058826
0.683103
0.918799
0.256653
0.561966
0.969299
0.011208
0.371246
0.531420
0.578400
0.167388
0.288921
0.893261
0.035342
0.987578
0.219133
0.961585
0.351169
0.101282
0.243821
0.902714
0.920405
0.246044
0.255134
0.034995
0.164149
0.844807
0.664656
0.878308
0.720803
0.530377
0.038771
0.619607
0.734982
0.834508
0.576181
0.868853
0.812002
0.317799
0.251827
0.460346
0.038971
0.987771
0.469025
0.896573
0.705605
0.109913
0.306389
0.485878
0.150243
0.140858
0.408361
0.325342
0.018324
0.973891
0.193664
0.912632
0.611293
0.005959
0.149359
0.283733
0.700542
0.006795
0.209588
0.550888
0.773972
0.141798
0.206944
0.108310
0.367893
0.182947
0.785958
0.589726
0.520145
0.083694
0.649555
0.077731
0.416736
0.075025
0.941038
0.023223
0.301630
0.491572
0.843871
0.936432
0.620055
0.263080
0.586007
0.023942
0.385599
0.757229
0.750577
0.950673
0.963990
0.779485
0.802755
0.898839
0.791285
0.131412
0.642736
0.465061
0.275145
0.360144
0.941495
0.705250
0.138346
0.184809
0.091411
0.347685
0.542110
0.235438
0.000902
0.166165
0.740460
0.905904
0.526495
0.802907
0.461083
0.421594
0.735424
0.274826
0.999848
0.447320
0.108868
0.745692
0.838371
0.506777
0.395950
0.739797
0.768487
0.967087
0.826288
0.428398
0.078421
0.018851
0.822142
0.739267
0.866141
0.232292
0.128793
0.617687
0.468442
0.104627
0.465046
0.022259
0.111134
0.822324
0.802187
0.363371
0.175581
0.985772
0.870954
0.116644
0.438584
0.281775
0.784351
0.588196
0.811869
0.074144
0.130260
0.282185
0.677801
0.808917
0.468447
0.193041
0.447438
0.095584
0.481674
0.493805
0.384115
0.826400
0.310287
0.997269
0.096599
0.539614
0.285339
0.697290
0.345484
0.544287
0.834953
0.048735
0.096670
0.728791
0.794559
0.147970
0.939779
0.862176
0.588519
0.242946
0.196074
0.421176
0.706632
0.371135
0.660433
0.891691
0.647853
0.471083
0.491951
0.214340
0.407536
0.462189
0.004212
0.798080
0.327633
0.527082
0.665142
0.042518
0.600647
0.067515
0.720939
0.820357
0.732506
0.225671
0.846282
0.462640
0.596182
0.029468
0.270428
0.087554
0.523794
0.401216
0.230605
0.786113
0.199421
0.664064
0.922775
0.077395
0.780278
0.138458
0.055257
0.702013
0.730452
0.713088
0.875809
0.713720
0.500128
0.655738
0.991824
0.585775
0.114913
0.338093
0.322558
0.227836
0.231370
0.638154
0.452069
0.921485
0.402312
0.665243
0.732270
0.266796
0.034603
0.577672
0.930750
0.115630
0.393534
0.132978
0.953142
0.465880
0.045509
0.862240
0.660607
0.815317
0.035530
0.150847
0.293882
0.276315
0.020140
0.496066
0.386710
0.442741
0.140534
0.946651
0.364508
0.288177
0.392827
0.249364
0.054861
0.055422
0.474645
0.359582
0.499372
0.940745
0.097384
0.733150
0.057835
0.037339
0.564878
0.897772
0.852081
0.921858
0.659072
0.023822
0.384678
0.280161
0.671484
0.623345
0.561004
0.798072
0.187995
0.629866
0.154983
0.806864
0.967597
0.397712
0.350896
0.516078
0.726033
0.435021
0.402215
0.035730
0.512477
0.193872
0.407936
0.176705
0.876483
0.050177
0.328565
0.186911
0.414664
0.265330
0.401513
0.229456
0.470618
0.675208
0.217676
0.479888
0.469927
0.070502
0.931551
0.576296
0.813815
0.793885
0.818839
0.230712
0.577584
0.462202
0.233525
0.855272
0.563573
0.975947
0.745198
0.546677
0.007902
0.803719
0.105630
0.322208
0.343376
0.125372
0.130923
0.425479
0.022089
0.245133
0.947382
0.644410
0.602361
0.878775
0.569657
0.226585
0.215056
0.453359
0.612667
0.090578
0.351578
0.964053
0.836413
0.586430
0.130786
0.115651
0.748523
0.423972
0.699347
0.918564
0.301863
0.413013
0.510309
0.761145
0.561906
0.951222
0.181113
0.964119
0.946309
0.617856
0.299553
0.584110
0.134296
0.120981
0.331595
0.118386
0.721657
0.886051
0.857428
0.793950
0.912465
0.795076
0.842887
0.397037
0.996212
0.336133
0.390065
0.816024
0.907764
0.793185
0.054202
0.969886
0.879234
0.290644
0.858411
0.311588
0.861257
0.139227
0.991463
0.512035
0.767509
0.516145
0.842527
0.352802
0.546269
0.146250
0.021031
0.473475
0.698796
0.659484
0.943147
0.469326
0.967935
0.087718
0.269010
0.253474
0.131445
0.199637
0.299452
0.883056
0.527581
0.059807
0.184072
0.692102
0.161468
0.785761
0.290081
0.399438
0.346225
0.002036
0.213834
0.910025
0.782561
0.503218
0.582743
0.168544
0.714689
0.784909
0.960719
0.810824
0.516975
0.806296
0.416718
0.784103
0.418377
0.662186
0.358926
0.467823
0.692997
0.193959
0.860799
0.457082
0.181679
0.484717
0.640216
0.113383
0.636085
0.674775
0.948403
0.814580
0.645777
0.572269
0.131632
0.342770
0.927472
0.025292
0.089763
0.644490
0.944974
0.186331
0.662680
0.656717
0.434634
0.901774
0.116578
0.332757
0.649999
0.530352
0.617806
0.465058
0.235911
0.961212
0.092015
0.492139
0.376185
0.542408
0.256750
0.198859
0.229227
0.619950
0.504988
0.331892
0.111180
0.595914
0.523319
0.415838
0.989221
0.830587
0.672767
0.194689
0.142658
0.655713
0.568957
0.467544
0.003749
0.012815
0.375953
0.644039
0.363711
0.898637
0.387965
0.529625
0.401564
0.079243
0.843654
0.301092
0.449000
0.346526
0.058379
0.174931
0.062508
0.580042
0.768457
0.449458
0.048518
0.447993
0.417346
0.326535
0.080517
0.255396
0.432632
0.247306
0.475348
0.173784
0.789010
0.887600
0.900227
0.123179
0.270047
0.673211
0.651850
0.635646
0.296834
0.880907
0.410531
0.790462
0.299259
0.649803
0.241930
0.122286
0.265621
0.292681
0.085534
0.572777
0.661655
0.430369
0.212975
0.473277
0.363956
0.013343
0.248544
0.272163
0.249772
0.921546
0.416907
0.961022
0.895029
0.752598
0.913727
0.008669
0.700707
0.779795
0.020994
0.850621
0.395464
0.565522
0.731048
0.721504
0.320051
0.088981
0.499383
0.128312
0.532015
0.570302
0.066897
0.336951
0.140737
0.369044
0.523885
0.939520
0.509016
0.034612
0.717451
0.195646
0.226684
0.884891
0.355838
0.564210
0.682726
0.569352
0.096048
0.275728
0.162421
0.811935
0.191929
0.751776
0.101117
0.465593
0.224066
0.876316
0.246263
0.942896
0.246155
0.125151
0.411019
0.988623
0.790028
0.002829
0.548371
0.467312
0.108096
0.763389
0.270777
0.954373
0.143617
0.774050
0.459798
0.828156
0.822594
0.343360
0.849563
0.607731
0.138319
0.732790
0.994919
0.606696
0.745090
0.730874
0.794137
0.057311
0.229872
0.462688
0.403597
0.256920
0.049098
0.187064
0.988609
0.544632
0.635482
0.543493
0.492425
0.191367
0.298101
0.186836
0.151175
0.804812
0.478298
0.752158
0.527810
0.904167
0.334834
0.559996
0.858169
0.249382
0.356161
0.997190
0.768339
0.472361
0.972478
0.431500
0.221019
0.667020
0.610867
0.844447
0.627857
0.389264
0.355975
0.878969
0.825098
0.421866
0.293666
0.644934
0.407206
0.915805
0.936049
0.173952
0.610792
0.574040
0.887934
0.510944
0.431961
0.969923
0.494136
0.951583
0.257365
0.535153
0.317566
0.324579
0.192869
0.555110
0.727522
0.467593
0.833751
0.858323
0.831583
0.407830
0.394774
0.958265
0.563604
0.490578
0.143995
0.130244
0.005976
0.446182
0.985886
0.787991
0.771699
0.939834
0.796989
0.988086
0.765050
0.202432
0.271082
0.067684
0.568274
0.977674
0.771590
0.106116
0.493227
0.661096
0.039141
0.838706
0.133725
0.514105
0.565112
0.829787
0.226071
0.569360
0.237251
0.480502
0.793644
0.777615
0.378426
0.213416
0.880082
0.542815
0.089820
0.605545
0.390745
0.253080
0.522929
0.875169
0.965838
0.839511
0.667216
0.893505
0.133542
0.434961
0.390047
0.516665
0.587368
0.889611
0.686656
0.623055
0.690357
0.834074
0.282991
0.224065
0.857987
0.184763
0.315231
0.087546
0.384281
0.608604
0.810132
0.888861
0.090647
0.497608
0.305446
0.634952
0.642548
0.302894
0.747224
0.585764
0.942193
0.430646
0.868702
0.278074
0.591208
0.427871
0.224434
0.056049
0.009932
0.927722
0.224922
0.266880
0.460380
0.605765
0.085926
0.162063
0.797777
0.241706
0.353146
0.324540
0.547538
0.475250
0.535075
0.012315
0.978423
0.359655
0.720708
0.938736
0.330334
0.920838
0.516302
0.494203
0.065416
0.452298
0.773397
0.487041
0.692273
0.026349
0.850800
0.396298
0.573479
0.457316
0.106987
0.130823
0.733958
0.628400
0.511241
0.435719
0.128621
0.734461
0.078828
0.859536
0.215095
0.104764
0.765850
0.632755
0.719358
0.246757
0.247409
0.203927
0.398900
0.314102
0.107638
0.068886
0.762827
0.826251
0.807767
0.131821
0.516801
0.866680
0.297341
0.402665
0.594226
0.156745
0.412704
0.321794
0.389882
0.746741
0.470313
0.542769
0.314665
0.576856
0.217214
0.709414
0.124667
0.281518
0.478870
0.362494
0.433996
0.170319
0.553779
0.359806
0.258306
0.356550
0.533186
0.263662
0.367059
0.163900
0.670644
0.511501
0.802136
0.507542
0.255372
0.032579
0.561727
0.953699
0.813641
0.858902
0.569832
0.167625
0.274312
0.354966
0.911142
0.559657
0.148371
0.672202
0.692906
0.665594
0.635380
0.827343
0.149317
0.567526
0.414473
0.052551
0.218716
0.955458
0.380912
0.994879
0.938974
0.335619
0.751600
0.140831
0.954917
0.288972
0.757167
0.702548
0.725463
0.855295
0.940319
0.941993
0.074198
0.046728
0.357176
0.061030
0.739365
0.511948
0.313760
0.371997
0.153929
0.090797
0.031920
0.477389
0.483569
0.352317
0.391412
0.454063
0.432253
0.878215
0.154895
0.318187
0.770301
0.442562
0.133353
0.261548
0.842324
0.937437
0.507826
0.028487
0.772661
0.113206
0.661556
0.765325
0.811623
0.952190
0.465690
0.849118
0.119571
0.624153
0.138988
0.969797
0.372682
0.661040
0.100704
0.537143
0.766356
0.152737
0.043975
0.090632
0.247274
0.937755
0.843117
0.259428
0.210039
0.118690
0.816670
0.775359
0.455809
0.781733
0.580623
0.539131
0.170310
0.400906
0.032190
0.019548
0.543523
0.990738
0.333875
0.444571
0.899386
0.973949
0.155165
0.856057
0.747546
0.009266
0.735544
0.295610
0.319822
0.252721
0.490231
0.311926
0.538200
0.520773
0.623575
0.430377
0.343605
0.970499
0.172389
0.342695
0.666503
0.919942
0.471461
0.852535
0.553217
0.920148
0.928204
0.331264
0.556319
0.051766
0.028857
0.005722
0.175364
0.341048
0.986091
0.229309
0.989448
0.644846
0.929196
0.004514
0.870952
0.096538
0.518006
0.131702
0.512162
0.909163
0.305719
0.216524
0.126803
0.169718
0.451752
0.592080
0.087787
0.443067
0.631686
0.752644
0.681877
0.311038
0.607475
0.831594
0.592579
0.475800
0.777501
0.458618
0.993984
0.894548
0.665454
0.286483
0.917138
0.346388
0.738033
0.114578
0.707795
0.906230
0.003443
0.867814
0.354792
0.994465
0.977536
0.446133
0.151587
0.728238
0.488747
0.377121
0.276713
0.719864
0.761917
0.544749
0.594923
0.870284
0.863311
0.672995
0.034729
0.684562
0.429469
0.090786
0.843649
0.204358
0.641939
0.064743
0.142748
0.171876
0.726965
0.108586
0.000556
0.345882
0.244325
0.362315
0.430987
0.594857
0.769231
0.469586
0.338242
0.840919
0.325766
0.156341
0.618954
0.760956
0.389503
0.371873
0.074972
0.050444
0.812159
0.949596
0.858460
0.128857
0.694783
0.224997
0.531489
0.730801
0.580541
0.150193
0.290586
0.879982
0.851928
0.350692
0.075685
0.029743
0.891438
0.390723
0.885836
0.243759
0.851030
0.267048
0.269663
0.226356
0.371933
0.085567
0.130414
0.860598
0.065181
0.493525
0.671710
0.424941
0.989292
0.038485
0.820376
0.053301
0.828069
0.352834
0.072898
0.192476
0.947557
0.582202
0.073434
0.204173
0.528327
0.597260
0.143788
0.637993
0.740302
0.261734
0.958620
0.522382
0.679412
0.879366
0.498487
0.063059
0.839795
0.439423
0.375203
0.034803
0.939403
0.540731
0.070120
0.512551
0.439368
0.463079
0.963284
0.917127
0.161106
0.712436
0.914180
0.624572
0.174651
0.363666
0.133570
0.911485
0.331353
0.057917
0.417950
0.488395
0.454634
0.028603
0.726373
0.154336
0.929346
0.515057
0.562633
0.171792
0.307325
0.206119
0.239952
0.881152
0.529596
0.917589
0.913962
0.966135
0.835584
0.655806
0.129402
0.866357
0.859704
0.052068
0.106050
0.383487
0.260426
0.982480
0.543250
0.403296
0.196280
0.873755
0.207258
0.392205
0.790180
0.560174
0.836024
0.062392
0.625203
0.785885
0.374502
0.253167
0.978501
0.667621
0.710476
0.966997
0.316331
0.579856
0.632399
0.731598
0.973494
0.505531
0.454246
0.504737
0.114622
0.447888
0.645628
0.065131
0.658890
0.955831
0.650961
0.704624
0.609219
0.136909
0.027249
0.979203
0.466929
0.683703
0.996924
0.307974
0.113831
0.165279
0.841565
0.180909
0.542344
0.178417
0.659333
0.416724
0.887474
0.769483
0.697281
0.209868
0.257494
0.705930
0.559249
0.305980
0.604011
0.605449
0.780157
0.091658
0.503675
0.264521
0.796051
0.228557
0.355645
0.323420
0.726185
0.983905
0.497520
0.821457
0.228791
0.294985
0.816780
0.620269
0.858608
0.624334
0.176222
0.760006
0.419303
0.228287
0.811898
0.561296
0.699883
0.935465
0.355263
0.905610
0.583000
0.485178
0.381740
0.900365
0.440982
0.580619
0.456195
0.264369
0.251307
0.716742
0.285133
0.233025
0.458940
0.404471
0.940558
0.958767
0.002434
0.899870
0.116284
0.386891
0.476320
0.502596
0.125587
0.742143
0.197070
0.163040
0.213055
0.807767
0.135288
0.788041
0.599838
0.479349
0.418551
0.593146
0.997510
0.149774
0.250102
0.458835
0.638161
0.571765
0.660417
0.630110
0.260360
0.874399
0.028591
0.534964
0.134652
0.089981
0.308781
0.674308
0.086972
0.737146
0.211738
0.687755
0.096996
0.219287
0.551377
0.994493
0.436028
0.324375
0.778177
0.828916
0.591817
0.663134
0.291465
0.651573
0.983260
0.658672
0.297129
0.839609
0.306183
0.010946
0.977694
0.110988
0.373837
0.073629
0.482717
0.023158
0.222780
0.270552
0.161417
0.933047
0.721912
0.177163
0.579751
0.880451
0.734647
0.210910
0.756199
0.442616
0.052959
0.083193
0.223287
0.786588
0.190989
0.951839
0.562111
0.396303
0.668538
0.115291
0.689230
0.895325
0.724823
0.106677
0.915150
0.926570
0.862766
0.514375
0.095061
0.690791
0.120189
0.017618
0.110869
0.371304
0.499777
0.748927
0.213903
0.069744
0.183546
0.855466
0.817942
0.150551
0.305879
0.903184
0.813330
0.631537
0.244989
0.527641
0.054148
0.060055
0.348287
0.660728
0.863275
0.054704
0.417928
0.108503
0.610397
0.946263
0.848970
0.632632
0.650441
0.969386
0.469276
0.124253
0.314156
0.015278
0.769252
0.823252
0.399351
0.889824
0.266578
0.375032
0.165625
0.660118
0.607193
0.097157
0.912246
0.125824
0.718596
0.442621
0.137562
0.006683
0.316820
0.794514
0.404825
0.900643
0.114412
0.923893
0.862685
0.145496
0.346688
0.786307
0.460215
0.831191
0.835425
0.985660
0.987608
0.731768
0.818246
0.255378
0.143573
0.030639
0.948378
0.389812
0.563863
0.849013
0.354372
0.933726
0.136593
0.725792
0.386120
0.511360
0.422740
0.994577
0.858502
0.843522
0.067908
0.324994
0.168285
0.371086
0.838640
0.029322
0.822207
0.831281
0.333721
0.842898
0.581700
0.630323
0.843710
0.239927
0.458990
0.249766
0.810904
0.867196
0.968582
0.958114
0.022163
0.487710
0.938930
0.590204
0.566506
0.267524
0.281752
0.406212
0.208424
0.985121
0.934370
0.948417
0.050138
0.670124
0.781257
0.583303
0.571081
0.161062
0.974151
0.560011
0.107713
0.331757
0.831859
0.056646
0.051704
0.986017
0.990066
0.032997
0.586919
0.350007
0.574608
0.435471
0.957918
0.721008
0.980209
0.369633
0.423209
0.878533
0.501690
0.909677
0.947502
0.663739
0.456306
0.141586
0.642095
0.698113
0.188476
0.717057
0.571454
0.432027
0.073817
0.636078
0.571068
0.941173
0.288456
0.072879
0.873606
0.703454
0.954560
0.291109
0.668619
0.474199
0.858461
0.158628
0.064530
0.547643
0.236591
0.377373
0.501286
0.107913
0.691969
0.923509
0.423704
0.192594
0.935564
0.021920
0.403746
0.758783
0.865371
0.296016
0.134931
0.780183
0.537535
0.343003
0.855331
0.552717
0.510839
0.679449
0.502251
0.327969
0.179442
0.886495
0.318314
0.898924
0.221719
0.424489
0.383079
0.408322
0.675894
0.749588
0.333045
0.488417
0.821737
0.940093
0.149616
0.597424
0.909384
0.014651
0.237401
0.000201
0.384537
0.911096
0.788399
0.625501
0.790121
0.557005
0.585416
0.083404
0.768593
0.746928
0.623917
0.168350
0.456822
0.812914
0.644460
0.437708
0.564592
0.103722
0.248416
0.126142
0.062112
0.919778
0.716133
0.053455
0.410301
0.930653
0.492903
0.217003
0.169868
0.976139
0.974108
0.828856
0.584469
0.171346
0.819235
0.875793
0.446599
0.983881
0.090486
0.804171
0.707195
0.818924
0.658297
0.990906
0.162208
0.228139
0.328747
0.251874
0.243257
0.421608
0.966177
0.534972
0.267168
0.287810
0.218096
0.538341
0.901836
0.154089
0.771180
0.225141
0.943740
0.439401
0.008553
0.752504
0.341268
0.699351
0.990582
0.712590
0.493188
0.008823
0.285264
0.424338
0.855780
0.094237
0.849645
0.990338
0.603973
0.969009
0.127225
0.266858
0.074947
0.632774
0.035019
0.560366
0.076869
0.939698
0.499887
0.594964
0.558144
0.719511
0.824763
0.794823
0.597058
0.752356
0.842105
0.263614
0.565467
0.800563
0.062334
0.647689
0.716146
0.269760
0.851690
0.350548
0.665249
0.837911
0.763860
0.195242
0.437153
0.222921
0.626727
0.401764
0.448926
0.096028
0.950589
0.556551
0.944430
0.030848
0.469665
0.660680
0.044057
0.468268
0.186432
0.364594
0.732588
0.612394
0.500812
0.147259
0.978457
0.925196
0.772817
0.734923
0.847517
0.214180
0.726066
0.985215
0.508722
0.089880
0.616751
0.730662
0.238735
0.413225
0.066079
0.587508
0.239149
0.382959
0.385621
0.129162
0.820883
0.582400
0.394209
0.476908
0.400167
0.600136
0.479225
0.334507
0.053230
0.634289
0.499395
0.326287
0.911904
0.362532
0.080634
0.216989
0.932314
0.409656
0.085763
0.421402
0.500512
0.103164
0.873999
0.295042
0.762792
0.250411
0.651928
0.959030
0.416044
0.451653
0.937288
0.000938
0.764953
0.565093
0.513500
0.389438
0.291474
0.809470
0.758136
0.996047
0.563540
0.418624
0.807767
0.136079
0.073357
0.915976
0.803012
0.228042
0.708023
0.749016
0.715110
0.859039
0.862817
0.371871
0.032819
0.587917
0.121893
0.659985
0.374119
0.814679
0.312480
0.859632
0.841047
0.474864
0.038351
0.573613
0.711232
0.674594
0.907561
0.385450
0.265102
0.567312
0.814743
0.378432
0.306377
0.285930
0.622832
0.936087
0.814791
0.187960
0.049032
0.078036
0.557878
0.248056
0.077188
0.294883
0.099886
0.781071
0.452262
0.168943
0.429049
0.026424
0.100710
0.638753
0.521460
0.176635
0.698638
0.007675
0.994390
0.718007
0.543736
0.564665
0.327907
0.126162
0.399429
0.198447
0.305520
0.874140
0.678234
0.071584
0.115862
0.286300
0.844960
0.239954
0.913648
0.674492
0.190886
0.229310
0.015705
0.954125
0.985052
0.775707
0.305034
0.704608
0.352694
0.722827
0.551604
0.803829
0.955189
0.858453
0.015539
0.159149
0.815537
0.736229
0.793971
0.270482
0.991195
0.008351
0.347322
0.433487
0.624112
0.446033
0.482497
0.321849
0.319709
0.356737
0.671827
0.388992
0.791840
0.460906
0.446932
0.589831
0.292755
0.340406
0.210190
0.663410
0.933872
0.579055
0.170254
0.450676
0.503181
0.954959
0.996406
0.589375
0.623227
0.569538
0.218652
0.880130
0.351897
0.334821
0.328148
0.182733
0.197317
0.304653
0.300549
0.321403
0.822650
0.284105
0.954774
0.878670
0.801477
0.420261
0.327034
0.463655
0.641787
0.517448
0.749615
0.774030
0.116628
0.159222
0.040427
0.452375
0.071737
0.685329
0.325988
0.872684
0.206116
0.192595
0.945996
0.361791
0.625640
0.139409
0.044099
0.168611
0.845404
0.706851
0.039644
0.288634
0.063601
0.934741
0.187646
0.764073
0.766610
0.418327
0.821571
0.148177
0.411376
0.999627
0.730523
0.892514
0.488944
0.680170
0.616359
0.145649
0.922244
0.162394
0.348880
0.627156
0.607283
0.607411
0.759224
0.284848
0.434553
0.536425
0.691748
0.206274
0.841234
0.621949
0.092955
0.296537
0.891730
0.306732
0.242853
0.637210
0.592996
0.482952
0.979208
0.549318
0.381999
0.254151
0.517912
0.554540
0.148633
0.080240
0.589784
0.495608
0.690533
0.785703
0.312873
0.459672
0.710090
0.487914
0.363804
0.447060
0.744736
0.775805
0.954214
0.478864
0.261792
0.937276
0.796638
0.102531
0.243762
0.910456
0.033473
0.580874
0.756808
0.673567
0.642669
0.340184
0.480393
0.962790
0.616684
0.602984
0.353454
0.509165
0.544520
0.754571
0.066869
0.865342
0.805161
0.347934
0.725586
0.918561
0.247407
0.173083
0.008477
0.473527
0.567468
0.433203
0.844673
0.423419
0.401917
0.024686
0.892098
0.484993
0.277418
0.568236
0.345538
0.464441
0.864242
0.322071
0.051330
0.705661
0.045054
0.230543
0.743406
0.419906
0.366988
0.965699
0.498355
0.847884
0.384239
0.909028
0.041863
0.595926
0.731304
0.032558
0.200658
0.457843
0.962101
0.035066
0.353334
0.485564
0.870943
0.931253
0.571458
0.502902
0.280026
0.397876
0.106663
0.681275
0.182847
0.108923
0.672482
0.411705
0.533426
0.285923
0.503284
0.696373
0.943494
0.307195
0.029480
0.476465
0.951365
0.589506
0.824589
0.860898
0.105652
0.695987
0.456600
0.079955
0.802574
0.855970
0.293869
0.048959
0.847395
0.161457
0.600378
0.554494
0.376171
0.300550
0.344483
0.727588
0.564200
0.514013
0.009253
0.512117
0.154834
0.299084
0.708755
0.051137
0.465075
0.508496
0.290835
0.069781
0.817584
0.126297
0.671909
0.773688
0.378083
0.443746
0.038823
0.498845
0.084715
0.803219
0.707951
0.538606
0.343872
0.451119
0.950714
0.656467
0.242980
0.761663
0.262512
0.036451
0.640218
0.150379
0.415209
0.421133
0.987577
0.205311
0.665851
0.952170
0.125149
0.376880
0.220791
0.839613
0.370954
0.617681
0.367341
0.899480
0.555494
0.179855
0.823961
0.307555
0.079835
0.788958
0.024610
0.622942
0.791117
0.295950
0.028243
0.679251
0.166950
0.921099
0.904125
0.628974
0.166884
0.814160
0.593983
0.079019
0.068175
0.814403
0.663547
0.229635
0.479215
0.168650
0.504424
0.846301
0.785799
0.922992
0.728827
0.393025
0.579554
0.567556
0.920464
0.233630
0.614006
0.603787
0.848346
0.144194
0.467501
0.297294
0.622830
0.905940
0.131231
0.596259
0.328724
0.858638
0.127092
0.032194
0.090298
0.645128
0.662851
0.531068
0.660397
0.290430
0.257279
0.092205
0.695566
0.371326
0.868047
0.259548
0.222339
0.851701
0.545902
0.979979
0.502358
0.129803
0.598255
0.877402
0.503586
0.768925
0.319350
0.318301
0.691385
0.102653
0.282555
0.898881
0.486721
0.316191
0.220456
0.198483
0.906327
0.635523
0.232003
0.266262
0.058376
0.126157
0.319013
0.647674
0.460834
0.244035
0.494869
0.265945
0.732430
0.951334
0.074390
0.270449
0.429801
0.671269
0.021955
0.000874
0.697405
0.284639
0.925131
0.676844
0.709222
0.900618
0.684306
0.133207
0.816598
0.568846
0.590389
0.665263
0.076286
0.141811
0.422146
0.002871
0.247438
0.685624
0.286685
0.310472
0.105957
0.826814
0.262827
0.328290
0.573360
0.467008
0.995160
0.652546
0.336209
0.657788
0.438485
0.613459
0.400204
0.224085
0.197847
0.213213
0.476347
0.969525
0.801565
0.911270
0.722591
0.589191
0.537070
0.536615
0.883161
0.290909
0.312703
0.596794
0.318725
0.816660
0.604196
0.724382
0.693336
0.902238
0.919649
0.532905
0.535150
0.260832
0.807152
0.809889
0.800303
0.697818
0.232451
0.807328
0.767990
0.611937
0.819027
0.388214
0.708984
0.895810
0.877349
0.600603
0.333542
0.844091
0.642030
0.605834
0.248612
0.415870
0.524443
0.305305
0.253936
0.901261
0.495723
0.617588
0.809126
0.988936
0.047055
0.855889
0.932526
0.971476
0.590836
0.181559
0.468801
0.136746
0.294492
0.535104
0.489763
0.441189
0.062335
0.672006
0.404054
0.935496
0.877650
0.658355
0.971441
0.005533
0.996535
0.769175
0.527980
0.763875
0.453395
0.211094
0.864473
0.201329
0.729090
0.817687
0.862694
0.303275
0.148497
0.789602
0.846874
0.418698
0.052621
0.405123
0.900300
0.347309
0.227028
0.657261
0.577634
0.292017
0.922126
0.176374
0.319761
0.220596
0.549806
0.593245
0.676102
0.243037
0.724001
0.280480
0.022474
0.719090
0.742658
0.855719
0.074188
0.872028
0.170669
0.439028
0.751120
0.081675
0.706803
0.242074
0.535719
0.836426
0.817097
0.944016
0.071312
0.543861
0.672760
0.083445
0.464537
0.481663
0.315982
0.714031
0.717875
0.320640
0.992868
0.124926
0.638889
0.800107
0.403653
0.188195
0.993585
0.175563
0.685106
0.583746
0.026981
0.476466
0.962815
0.029290
0.275175
0.866041
0.544121
0.033277
0.282874
0.259036
0.613215
0.311677
0.357408
0.955111
0.549696
0.740454
0.814750
0.505877
0.267720
0.562996
0.281580
0.517781
0.346181
0.262491
0.682081
0.740709
0.096995
0.195886
0.253391
0.734579
0.072134
0.350336
0.090210
0.165514
0.786313
0.566880
0.559706
0.980361
0.928308
0.072287
0.926518
0.989320
0.502605
0.274288
0.960118
0.698192
0.515547
0.790565
0.032307
0.982996
0.217661
0.231549
0.644372
0.958024
0.504215
0.339086
0.019874
0.021168
0.762508
0.476458
0.837303
0.557781
0.632623
0.493875
0.555934
0.584806
0.828364
0.305571
0.736755
0.641705
0.134591
0.074752
0.358440
0.307518
0.450509
0.703876
0.045047
0.107184
0.444789
0.568818
0.123609
0.488503
0.263660
0.330643
0.118572
0.839080
0.412437
0.836181
0.690448
0.356772
0.275052
0.795551
0.827654
0.378474
0.014523
0.088077
0.303595
0.517324
0.659966
0.053058
0.739996
0.115348
0.655270
0.130667
0.112163
0.127061
0.506333
0.934775
0.767924
0.501837
0.367619
0.573708
0.315622
0.658088
0.487401
0.745194
0.483237
0.762591
0.866977
0.287661
0.710981
0.460212
0.781713
0.253528
0.048813
0.401474
0.577293
0.558270
0.839315
0.360833
0.518761
0.819890
0.889678
0.813559
0.486094
0.789489
0.949269
0.371971
0.719386
0.718186
0.557616
0.846115
0.648247
0.081414
0.333185
0.848388
0.857912
0.924553
0.969046
0.762961
0.081388
0.895269
0.782990
0.717714
0.615072
0.511044
0.120649
0.746933
0.698901
0.431898
0.911414
0.139828
0.087362
0.285673
0.299060
0.306574
0.587280
0.418778
0.395517
0.448039
0.195114
0.288845
0.626226
0.988206
0.775152
0.973325
0.675218
0.391617
0.907229
0.798213
0.569684
0.683402
0.944213
0.380411
0.562217
0.181459
0.780324
0.911257
0.491071
0.438342
0.220429
0.748412
0.562744
0.040259
0.638866
0.420740
0.372448
0.731412
0.845740
0.349264
0.076468
0.190065
0.417561
0.941786
0.594070
0.533088
0.605372
0.482818
0.730207
0.587441
0.125402
0.634941
0.459035
0.004838
0.313629
0.157471
0.616010
0.275645
0.766541
0.258193
0.449084
0.748847
0.867721
0.780956
0.534496
0.280874
0.656504
0.856747
0.349622
0.098694
0.755747
0.845278
0.586648
0.795147
0.028824
0.449612
0.626290
0.049274
0.142317
0.920487
0.625504
0.842596
0.517875
0.919101
0.332538
0.972920
0.868273
0.058068
0.956277
0.139223
0.928781
0.025889
0.124483
0.187238
0.909723
0.708679
0.765938
0.118732
0.536117
0.518072
0.230657
0.653760
0.741690
0.581293
0.793700
0.718869
0.033593
0.598700
0.355498
0.860157
0.654282
0.520403
0.413649
0.193921
0.233446
0.519523
0.614658
0.548792
0.551232
0.563967
0.586694
0.557936
0.227808
0.766734
0.502747
0.675301
0.780453
0.076962
0.496269
0.787495
0.426285
0.565582
0.729826
0.179414
0.404453
0.642866
0.655920
0.042793
0.224802
0.248875
0.836321
0.040253
0.525360
0.728198
0.828460
0.928549
0.122496
0.784184
0.788399
0.615076
0.581787
0.090716
0.663440
0.437444
0.114957
0.083500
0.376114
0.345537
0.445885
0.988147
0.781852
0.591867
0.514541
0.892824
0.687758
0.155162
0.808128
0.210132
0.682273
0.962137
0.629048
0.413765
0.151492
0.122705
0.300737
0.478905
0.954050
0.717713
0.598597
0.624000
0.571446
0.288405
0.223866
0.522811
0.882497
0.129599
0.168427
0.757127
0.027187
0.935111
0.405227
0.644485
0.858775
0.429132
0.425661
0.084164
0.536282
0.285296
0.967175
0.316766
0.879385
0.822796
0.725925
0.613136
0.983589
0.183987
0.265566
0.374209
0.336869
0.754585
0.316773
0.998455
0.038704
0.505296
0.516243
0.504339
0.429048
0.002357
0.622012
0.152387
0.172304
0.917380
0.399140
0.345480
0.485386
0.881559
0.363081
0.295777
0.122562
0.907722
0.090189
0.803920
0.477425
0.089784
0.006311
0.068458
0.575981
0.516929
0.018869
0.136778
0.821426
0.711304
0.884895
0.437271
0.214896
0.756103
0.823974
0.539153
0.546062
0.661653
0.399314
0.271032
0.231358
0.440233
0.992945
0.418492
0.599126
0.514576
0.473407
0.555496
0.224778
0.850865
0.482105
0.731592
0.872901
0.850340
0.659039
0.474591
0.457319
0.165466
0.981176
0.616925
0.662185
0.348039
0.498759
0.645993
0.211625
0.781572
0.884854
0.742618
0.183896
0.738916
0.955565
0.184695
0.166602
0.075607
0.724774
0.280643
0.759300
0.562839
0.634593
0.596302
0.047740
0.366772
0.343647
0.678464
0.949167
0.644535
0.698787
0.511471
0.300497
0.461473
0.976640
0.393724
0.312878
0.545692
0.441920
0.346010
0.387404
0.091767
0.325153
0.843182
0.356317
0.625660
0.471411
0.008610
0.701984
0.242650
0.225829
0.507287
0.968298
0.183755
0.367573
0.794985
0.305702
0.928530
0.799274
0.405072
0.044197
0.823278
0.827649
0.295280
0.767835
0.003502
0.852692
0.201590
0.123816
0.968787
0.408056
0.194554
0.869787
0.503583
0.716128
0.965431
0.004798
0.637595
0.054869
0.183884
0.535900
0.865341
0.782637
0.782180
0.093468
0.923481
0.943298
0.008545
0.614072
0.700872
0.552412
0.387049
0.125694
0.543100
0.883651
0.526152
0.029512
0.007837
0.709491
0.412856
0.875296
0.092482
0.339608
0.790205
0.976552
0.909429
0.776744
0.729522
0.068450
0.441133
0.120839
0.939168
0.595005
0.241926
0.044523
0.306158
0.598199
0.937823
0.997506
0.083179
0.995062
0.013148
0.984188
0.255342
0.536701
0.327471
0.800484
0.741282
0.726740
0.315786
0.420742
0.405851
0.134692
0.769255
0.868027
0.927037
0.707872
0.203983
0.336397
0.831130
0.802368
0.392238
0.351894
0.290304
0.141209
0.299661
0.395366
0.924606
0.860697
0.731626
0.440141
0.446149
0.421581
0.518853
0.361152
0.889372
0.680870
0.373874
0.707088
0.019751
0.962332
0.905808
0.917981
0.498999
0.677239
0.353231
0.748955
0.688056
0.155101
0.776386
0.715059
0.988253
0.573895
0.456907
0.243191
0.306781
0.065945
0.334851
0.849126
0.258677
0.576799
0.267985
0.017241
0.777559
0.441618
0.271713
0.678621
0.580674
0.384269
0.409900
0.197229
0.825336
0.422447
0.070218
0.150665
0.219191
0.946251
0.646447
0.829288
0.851519
0.479922
0.051474
0.117388
0.940622
0.032999
0.616158
0.775184
0.516092
0.952364
0.376317
0.752528
0.738895
0.608215
0.274581
0.891192
0.265452
0.449243
0.434035
0.825144
0.188975
0.101509
0.056194
0.458537
0.629347
0.439656
0.299055
0.214880
0.490554
0.746823
0.850571
0.547086
0.869287
0.114122
0.047204
0.351515
0.913183
0.862985
0.193003
0.801622
0.860382
0.441697
0.602219
0.497219
0.752263
0.282646
0.438562
0.915782
0.551226
0.460909
0.497099
0.747053
0.722871
0.287752
0.248182
0.191794
0.489861
0.101890
0.460215
0.832138
0.751497
0.413904
0.484274
0.196603
0.312307
0.947777
0.286204
0.225504
0.046218
0.793563
0.413244
0.395819
0.537598
0.402584
0.230317
0.934867
0.317600
0.904653
0.510651
0.510380
0.958000
0.109695
0.650724
0.711187
0.926667
0.498838
0.962835
0.365245
0.666269
0.980101
0.559683
0.599710
0.324906
0.696231
0.560052
0.789194
0.984659
0.165289
0.016883
0.758901
0.857167
0.400023
0.178219
0.321457
0.733921
0.018005
0.616069
0.265430
0.087532
0.152080
0.013968
0.755828
0.198097
0.419480
0.197509
0.538728
0.397667
0.597483
0.899365
0.624086
0.021422
0.031339
0.710699
0.715452
0.603038
0.260132
0.030384
0.665491
0.913704
0.618556
0.068119
0.876905
0.146518
0.534905
0.155862
0.579582
0.040371
0.512859
0.617959
0.044426
0.670901
0.829669
0.250593
0.721642
0.631060
0.224753
0.416947
0.632517
0.705714
0.933637
0.636396
0.904872
0.179935
0.160822
0.934837
0.802946
0.111243
0.660269
0.136355
0.717235
0.572562
0.043806
0.246271
0.074316
0.028693
0.249721
0.064034
0.216074
0.552685
0.976025
0.044696
0.212559
0.471204
0.530274
0.310497
0.524465
0.678497
0.501826
0.185445
0.768614
0.090537
0.658967
0.264416
0.032214
0.425705
0.828576
0.884539
0.441122
0.933123
0.005319
0.401352
0.518511
0.622334
0.570074
0.233080
0.367589
0.073212
0.474070
0.697734
0.811464
0.280362
0.043271
0.259384
0.468334
0.282507
0.100286
0.502356
0.104719
0.019644
0.162345
0.529913
0.249929
0.555158
0.540306
0.929967
0.957672
0.591823
0.774722
0.757248
0.072257
0.416841
0.853943
0.217207
0.601747
0.559316
0.419101
0.829005
0.083609
0.212470
0.977534
0.411869
0.279151
0.688137
0.518470
0.922156
0.673396
0.758535
0.692187
0.585084
0.509425
0.898189
0.858434
0.706710
0.678029
0.629524
0.402023
0.798783
0.140990
0.610639
0.006623
0.311147
0.451814
0.632134
0.275992
0.589939
0.106368
0.723591
0.387108
0.117131
0.618564
0.210262
0.866214
0.450380
0.538601
0.274428
0.316324
0.464691
0.053847
0.999282
0.936802
0.835632
0.469819
0.243209
0.620313
0.601276
0.639664
0.832061
0.446975
0.300763
0.922355
0.016664
0.070874
0.173722
0.748439
0.017902
0.883404
0.377589
0.136462
0.516674
0.740812
0.819485
0.084603
0.917542
0.124814
0.747881
0.639736
0.045704
0.143320
0.773681
0.256962
0.764937
0.290857
0.429403
0.978949
0.190852
0.645471
0.428247
0.552695
0.143861
0.872563
0.168693
0.223283
0.723680
0.890248
0.396259
0.932350
0.013249
0.674598
0.970665
0.974636
0.710815
0.663326
0.516978
0.846351
0.627118
0.972142
0.789752
0.364907
0.992042
0.242168
0.122618
0.832964
0.619041
0.220715
0.554672
0.365358
0.580278
0.730032
0.641674
0.617323
0.347720
0.135881
0.744349
0.265487
0.034374
0.725228
0.901452
0.707438
0.911247
0.320801
0.702224
0.271039
0.356142
0.678727
0.364202
0.136196
0.039960
0.599842
0.552768
0.374542
0.926673
0.594398
0.039228
0.306229
0.784380
0.068070
0.051349
0.014474
0.263099
0.905347
0.160311
0.349560
0.058562
0.252165
0.142353
0.525465
0.496527
0.134002
0.173072
0.826553
0.877642
0.521753
0.110887
0.670240
0.717133
0.849813
0.814342
0.647144
0.548627
0.771627
0.734667
0.556068
0.835732
0.148536
0.441077
0.183897
0.761323
0.548253
0.482732
0.281929
0.388208
0.604925
0.969379
0.348985
0.388449
0.660354
0.562750
0.136813
0.420558
0.323600
0.739125
0.480820
0.145222
0.738694
0.230480
0.669824
0.723818
0.206916
0.633852
0.152563
0.121499
0.039010
0.641492
0.557393
0.097925
0.833825
0.091719
0.529305
0.028581
0.362314
0.411045
0.436573
0.486870
0.829050
0.847322
0.932912
0.456084
0.409042
0.771712
0.163457
0.226209
0.898957
0.775270
0.960706
0.591913
0.273503
0.769829
0.513878
0.751705
0.910976
0.777226
0.833930
0.868055
0.398004
0.257349
0.265456
0.525386
0.165176
0.109323
0.396108
0.393961
0.310118
0.155608
0.304178
0.314388
0.926239
0.306592
0.892438
0.208675
0.202634
0.675333
0.322468
0.726480
0.942857
0.602381
0.221312
0.584031
0.804722
0.955380
0.077039
0.799375
0.092296
0.223641
0.729847
0.540389
0.321856
0.427142
0.975954
0.866084
0.279353
0.087708
0.113657
0.228379
0.365800
0.994518
0.869789
0.543208
0.691949
0.595178
0.150416
0.038118
0.645229
0.370776
0.627961
0.143044
0.132769
0.453198
0.898560
0.101028
0.981894
0.684803
0.486150
0.730203
0.528329
0.620488
0.547943
0.274589
0.013894
0.514894
0.829485
0.150803
0.549892
0.031098
0.667002
0.297225
0.467588
0.744570
0.985227
0.708936
0.089576
0.512103
0.918337
0.490202
0.827129
0.561451
0.304694
0.999803
0.696623
0.135767
0.838792
0.576367
0.006131
0.049757
0.267254
0.743710
0.535135
0.018403
0.292627
0.179428
0.653817
0.699872
0.752696
0.553297
0.254521
0.726469
0.771882
0.027861
0.267443
0.913249
0.971653
0.572996
0.340353
0.320770
0.183014
0.922636
0.743462
0.370325
0.052904
0.164815
0.053075
0.035661
0.349909
0.913132
0.015350
0.992858
0.967202
0.757844
0.086049
0.227544
0.330059
0.309102
0.085412
0.524467
0.723280
0.161050
0.759098
0.164669
0.584670
0.543432
0.453710
0.496124
0.359739
0.141327
0.283426
0.541603
0.716834
0.826936
0.308827
0.463018
0.939110
0.619095
0.137433
0.838872
0.927958
0.187530
0.822084
0.769087
0.047309
0.129737
0.482489
0.192636
0.630827
0.312867
0.358149
0.401903
0.775674
0.754292
0.390457
0.406171
0.513043
0.721107
0.645887
0.425546
0.148327
0.927460
0.820062
0.774344
0.406126
0.762565
0.431064
0.895937
0.005746
0.565164
0.712124
0.664768
0.757779
0.994474
0.126080
0.033352
0.540603
0.907741
0.410913
0.222478
0.183529
0.572191
0.807700
0.015914
0.464354
0.393026
0.585581
0.851653
0.736562
0.394231
0.844779
0.202360
0.072700
0.870026
0.525734
0.010824
0.919430
0.856546
0.974547
0.216784
0.494183
0.727787
0.912118
0.959798
0.320349
0.113651
0.127051
0.346057
0.172412
0.726531
0.805785
0.827364
0.508532
0.888926
0.187551
0.176306
0.169378
0.744192
0.634707
0.527654
0.285409
0.870157
0.729953
0.313477
0.602373
0.079701
0.539292
0.882022
0.139893
0.186646
0.951857
0.867010
0.845454
0.540680
0.207130
0.235266
0.107306
0.488982
0.318316
0.944529
0.692410
0.336701
0.937398
0.843015
0.551073
0.878567
0.077750
0.748574
0.277242
0.606699
0.788816
0.632496
0.361072
0.535598
0.800428
0.787662
0.241868
0.074093
0.278117
0.316274
0.614716
0.523903
0.238871
0.697875
0.182580
0.626347
0.009710
0.196602
0.294416
0.252393
0.972437
0.751302
0.140314
0.252863
0.869252
0.511077
0.666014
0.694624
0.544568
0.549041
0.730819
0.872809
0.297353
0.615738
0.710508
0.511642
0.162546
0.909832
0.553730
0.536417
0.562229
0.387418
0.328757
0.420916
0.327943
0.740962
0.350376
0.774532
0.566633
0.404475
0.017116
0.661411
0.333695
0.415461
0.645400
0.245652
0.666755
0.157256
0.003029
0.908051
0.614392
0.093992
0.716070
0.992152
0.097002
0.315332
0.783113
0.783007
0.990447
0.443913
0.845312
0.160446
0.619622
0.988626
0.842684
0.989068
0.260978
0.265399
0.566069
0.920794
0.786955
0.356188
0.449836
0.387854
0.661776
0.461508
0.557443
0.944520
0.539444
0.430632
0.631375
0.526186
0.615417
0.321270
0.590726
0.337682
0.428990
0.034048
0.240712
0.639504
0.143382
0.823698
0.892771
0.797384
0.627156
0.613043
0.419223
0.884742
0.851345
0.551240
0.690386
0.316585
0.850705
0.803389
0.555920
0.350484
0.586987
0.482225
0.751805
0.590617
0.496553
0.558943
0.148817
0.173127
0.745204
0.651676
0.718867
0.004722
0.355800
0.927465
0.899820
0.275943
0.779965
0.866059
0.861981
0.309004
0.437429
0.875494
0.421796
0.120071
0.027451
0.366722
0.493923
0.357730
0.368125
0.082412
0.094287
0.674693
0.572426
0.761433
0.407266
0.916626
0.725321
0.471344
0.872362
0.782826
0.950764
0.482376
0.294225
0.035708
0.152284
0.430248
0.184192
0.721683
0.329916
0.891545
0.194193
0.796047
0.156179
0.894180
0.485401
0.129765
0.952494
0.562965
0.752846
0.087890
0.161824
0.776878
0.993056
0.295999
0.856813
0.453344
0.346805
0.751915
0.438783
0.619071
0.733358
0.542871
0.025173
0.081219
0.049617
0.906297
0.133774
0.344405
0.409056
0.998418
0.418566
0.845577
0.617329
0.443836
0.551457
0.333310
0.947757
0.948817
0.762995
0.656384
0.845026
0.350407
0.284256
0.491237
0.223505
0.441558
0.258816
0.926542
0.384270
0.425545
0.141267
0.280375
0.264061
0.071925
0.850078
0.261379
0.996820
0.559962
0.280387
0.472172
0.793250
0.151201
0.227037
0.810430
0.903686
0.243777
0.163858
0.963978
0.569996
0.930780
0.611180
0.103204
0.550768
0.762196
0.221818
0.103268
0.633249
0.016749
0.505142
0.920315
0.735390
0.699729
0.340100
0.057035
0.579874
0.943552
0.279442
0.574288
0.058826
0.681303
0.665108
0.467429
0.072436
0.432835
0.650595
0.550984
0.392535
0.340227
0.188022
0.083443
0.427495
0.913312
0.035992
0.922957
0.130540
0.986811
0.330699
0.058222
0.529000
0.898631
0.288320
0.790506
0.034601
0.545764
0.651188
0.512731
0.476947
0.040951
0.256540
0.664980
0.314058
0.370793
0.917670
0.277347
0.374981
0.305131
0.343387
0.313229
0.432452
0.220027
0.001205
0.257132
0.624731
0.856333
0.392160
0.030404
0.003238
0.426951
0.766235
0.114562
0.447036
0.330204
0.745318
0.562719
0.615976
0.712295
0.545013
0.031496
0.353938
0.630331
0.966530
0.462437
0.173311
0.846286
0.527161
0.993707
0.239744
0.382116
0.220659
0.623326
0.237032
0.791331
0.905683
0.807655
0.255191
0.991346
0.555708
0.792758
0.876177
0.903651
0.657535
0.194300
0.591713
0.923215
0.468094
0.254369
0.179182
0.510287
0.385620
0.115755
0.496652
0.230483
0.726533
0.846631
0.323080
0.012708
0.583965
0.699763
0.924299
0.695231
0.739149
0.882649
0.689878
0.782751
0.704203
0.538094
0.745322
0.618646
0.585010
0.267928
0.058856
0.186175
0.036283
0.811158
0.133796
0.714553
0.488746
0.352132
0.276556
0.072071
0.292046
0.418960
0.458241
0.656824
0.248270
0.679572
0.560312
0.162428
0.932993
0.818436
0.454900
0.501357
0.309221
0.084760
0.562440
0.925704
0.299701
0.075869
0.135286
0.743462
0.360597
0.551434
0.947400
0.950961
0.805985
0.183640
0.436674
0.186507
0.627426
0.143932
0.064762
0.451499
0.337619
0.356926
0.856290
0.668072
0.285783
0.154434
0.575396
0.674197
0.229602
0.926188
0.445464
0.921147
0.710679
0.387269
0.828968
0.462156
0.454402
0.136925
0.298143
0.896664
0.233947
0.940719
0.669313
0.142290
0.469132
0.709724
0.328060
0.706116
0.699752
0.737304
0.862858
0.061186
0.355047
0.282275
0.190913
0.667188
0.423414
0.316297
0.001283
0.569873
0.852550
0.803841
0.154738
0.677437
0.684439
0.361563
0.781790
0.538602
0.290551
0.284168
0.011654
0.873118
0.499791
0.992726
0.747542
0.931135
0.593805
0.087679
0.615555
0.637390
0.620674
0.665522
0.431731
0.104753
0.584395
0.929137
0.009963
0.443449
0.039010
0.635192
0.669473
0.835641
0.620469
0.214093
0.267160
0.157665
0.876217
0.577438
0.008792
0.767698
0.698871
0.920218
0.102363
0.419468
0.000387
0.496458
0.966417
0.576610
0.090956
0.699060
0.108673
0.465715
0.272125
0.605482
0.336212
0.719968
0.506212
0.897744
0.375502
0.059786
0.828582
0.982689
0.056523
0.979469
0.936624
0.835276
0.485667
0.608866
0.212488
0.289305
0.351197
0.572766
0.474792
0.834139
0.380302
0.742727
0.013396
0.143810
0.011287
0.698183
0.368786
0.193962
0.921305
0.375722
0.766425
0.308887
0.463729
0.886853
0.338013
0.977901
0.588917
0.925359
0.500338
0.180242
0.324723
0.619756
0.239373
0.137487
0.745651
0.159168
0.131370
0.943669
0.246748
0.096556
0.813060
0.106315
0.832809
0.019137
0.630569
0.977849
0.708834
0.369544
0.926252
0.514257
0.116109
0.440294
0.025235
0.121211
0.185518
0.008326
0.939255
0.053214
0.362612
0.428155
0.998738
0.789874
0.413420
0.350399
0.157226
0.501398
0.993520
0.091266
0.913786
0.999988
0.803104
0.772326
0.481304
0.279981
0.641841
0.424790
0.451545
0.121453
0.261022
0.996124
0.854735
0.522912
0.573823
0.234843
0.012186
0.802536
0.223795
0.329031
0.029058
0.382989
0.887855
0.172102
0.525619
0.078666
0.133369
0.525813
0.347278
0.706746
0.288180
0.447025
0.148547
0.621718
0.207585
0.887764
0.651948
0.283339
0.078909
0.224994
0.481455
0.809722
0.995716
0.999899
0.309637
0.073903
0.095696
0.368557
0.333762
0.538059
0.162656
0.761857
0.524378
0.224256
0.070798
0.893712
0.611651
0.011852
0.195678
0.763143
0.142579
0.322648
0.737503
0.213014
0.126779
0.769266
0.057746
0.534559
0.336487
0.341831
0.147000
0.620766
0.210909
0.751840
0.176068
0.180795
0.615069
0.471936
0.826322
0.987138
0.824192
0.194013
0.772360
0.057881
0.800371
0.841533
0.638659
0.946693
0.063669
0.084943
0.638680
0.300249
0.283248
0.555373
0.158390
0.060199
0.764491
0.795911
0.871974
0.275333
0.516065
0.502261
0.506583
0.134843
0.311158
0.631624
0.712817
0.308269
0.076720
0.433647
0.310896
0.237165
0.034001
0.453488
0.779546
0.826444
0.041528
0.967428
0.568668
0.597390
0.326632
0.710946
0.865110
0.911378
0.536039
0.210082
0.846276
0.358683
0.379742
0.323973
0.020726
0.340340
0.088922
0.507578
0.870571
0.691954
0.673684
0.605969
0.515105
0.364703
0.558934
0.007559
0.047589
0.824744
0.475445
0.802999
0.010368
0.247522
0.098190
0.278991
0.003865
0.950968
0.919960
0.768449
0.316982
0.508378
0.316704
0.846562
0.175508
0.758370
0.931177
0.289570
0.797045
0.928698
0.634118
0.628080
0.137187
0.698113
0.178083
0.034874
0.127586
0.344652
0.558925
0.858279
0.095818
0.408829
0.182829
0.800713
0.582848
0.918512
0.432580
0.379346
0.671567
0.032342
0.572079
0.935437
0.888545
0.781152
0.815216
0.343211
0.340304
0.488248
0.982338
0.162093
0.294329
0.788213
0.488418
0.840810
0.497683
0.559786
0.327796
0.263141
0.618188
0.885131
0.393516
0.829878
0.757683
0.382962
0.443199
0.852669
0.809238
0.871420
0.962775
0.359642
0.507408
0.007858
0.062883
0.870142
0.478014
0.980539
0.911446
0.673305
0.229153
0.366855
0.726653
0.852545
0.721257
0.167997
0.530077
0.008247
0.601673
0.324456
0.123812
0.910058
0.348494
0.132216
0.159197
0.618233
0.646394
0.942631
0.803962
0.197365
0.119378
0.384294
0.835444
0.301384
0.353520
0.606070
0.223218
0.618503
0.176109
0.857502
0.029921
0.886119
0.009978
0.706321
0.130238
0.906754
0.810104
0.421611
0.021619
0.348663
0.975270
0.365344
0.341206
0.645217
0.165897
0.231743
0.906919
0.589616
0.672457
0.984980
0.567065
0.661335
0.063491
0.095520
0.412819
0.246541
0.609658
0.519233
0.755907
0.522233
0.166318
0.306366
0.095898
0.753798
0.083259
0.330938
0.066669
0.501029
0.787710
0.043687
0.252026
0.798981
0.480940
0.150956
0.111502
0.006846
0.066983
0.778655
0.848229
0.181051
0.923337
0.525091
0.199689
0.170409
0.065810
0.065862
0.939739
0.186087
0.565153
0.521583
0.245778
0.790605
0.698362
0.374918
0.253001
0.192376
0.267345
0.260617
0.189233
0.441950
0.861196
0.125384
0.323311
0.887387
0.312119
0.782676
0.431612
0.099129
0.053117
0.731245
0.033905
0.847353
0.463125
0.746618
0.402805
0.942199
0.545490
0.054205
0.030572
0.823244
0.254313
0.231534
0.388747
0.670787
0.923181
0.908477
0.776366
0.376224
0.191253
0.397076
0.658096
0.618414
0.687768
0.316330
0.565799
0.390532
0.664440
0.237857
0.655572
0.203547
0.012606
0.873590
0.431543
0.937187
0.295400
0.787085
0.542069
0.559451
0.687527
0.267671
0.752615
0.201307
0.364694
0.418271
0.878893
0.553133
0.505923
0.049887
0.449543
0.477480
0.011965
0.103888
0.043572
0.321026
0.480513
0.979794
0.403906
0.451015
0.206804
0.748824
0.487062
0.046017
0.402835
0.455758
0.923610
0.119843
0.193579
0.476595
0.137160
0.252205
0.812603
0.421642
0.536320
0.931300
0.359284
0.491270
0.778574
0.496106
0.055082
0.769848
0.835049
0.667917
0.686583
0.402690
0.003052
0.296184
0.967920
0.828735
0.552063
0.517757
0.939930
0.398984
0.721017
0.129661
0.215235
0.462442
0.261452
0.224856
0.154299
0.311493
0.264372
0.300472
0.037127
0.997767
0.473154
0.302725
0.906079
0.474837
0.586919
0.342455
0.640642
0.276335
0.360540
0.600624
0.684594
0.971578
0.318758
0.357501
0.523046
0.830173
0.710703
0.782180
0.094220
0.551109
0.481409
0.038958
0.759726
0.720954
0.068695
0.558061
0.338149
0.273618
0.699851
0.390123
0.802185
0.326759
0.841808
0.264075
0.305636
0.831508
0.147510
0.207060
0.055206
0.839610
0.318501
0.051425
0.300472
0.026296
0.949468
0.715388
0.530943
0.556223
0.435323
0.477170
0.793687
0.494417
0.661367
0.593665
0.728365
0.628555
0.123777
0.327855
0.252434
0.652298
0.175883
0.063442
0.272523
0.293631
0.057675
0.337735
0.314849
0.664750
0.451526
0.789286
0.534218
0.595039
0.825835
0.815821
0.508036
0.567242
0.635872
0.104480
0.987906
0.733858
0.959395
0.551769
0.578340
0.153388
0.990013
0.156507
0.406949
0.598764
0.429034
0.767019
0.280722
0.100349
0.562837
0.606551
0.296407
0.713871
0.023350
0.438636
0.147700
0.388307
0.272254
0.779765
0.506825
0.212554
0.392612
0.627805
0.521852
0.759840
0.629899
0.713677
0.763409
0.609127
0.596030
0.472906
0.136553
0.053006
0.871700
0.655443
0.022800
0.191780
0.251009
0.700133
0.141387
0.288762
0.228179
0.998496
0.729632
0.924309
0.865298
0.055286
0.186301
0.157245
0.814820
0.687322
0.817604
0.475619
0.729545
0.461639
0.768071
0.976621
0.063146
0.288245
0.532488
0.518997
0.790669
0.770332
0.974223
0.758377
0.042296
0.863086
0.881409
0.843271
0.863355
0.410607
0.076648
0.219363
0.828453
0.804611
0.090083
0.018302
0.604909
0.713104
0.144112
0.092174
0.161784
0.099561
0.318257
0.944600
0.898446
0.178316
0.961943
0.369694
0.449591
0.270221
0.606064
0.122578
0.174085
0.847271
0.075455
0.176015
0.289942
0.063258
0.184926
0.057755
0.690805
0.356890
0.246483
0.638233
0.785894
0.512105
0.950558
0.031276
0.654241
0.824044
0.707411
0.454774
0.379308
0.021807
0.502095
0.707020
0.884184
0.486961
0.351584
0.077089
0.636687
0.794099
0.414641
0.872861
0.176051
0.889364
0.542452
0.996553
0.071359
0.333518
0.440971
0.393639
0.886898
0.097617
0.641005
0.374673
0.131213
0.290099
0.701989
0.334039
0.192581
0.710634
0.625888
0.306786
0.153991
0.134968
0.409001
0.072661
0.208220
0.558831
0.269174
0.005624
0.526184
0.566792
0.076993
0.014860
0.744413
0.346144
0.640623
0.952511
0.853018
0.674813
0.576736
0.194363
0.663464
0.839461
0.816521
0.262085
0.857440
0.000221
0.722409
0.528948
0.025764
0.010346
0.884527
0.244038
0.548542
0.352096
0.673730
0.373939
0.792104
0.892548
0.061779
0.325498
0.636706
0.124755
0.754652
0.442118
0.685475
0.772378
0.349116
0.584544
0.426782
0.927368
0.281131
0.972911
0.709202
0.552524
0.278103
0.075292
0.434681
0.680427
0.942659
0.261868
0.210274
0.075569
0.086213
0.980970
0.165457
0.839925
0.622925
0.497330
0.630458
0.115658
0.870599
0.150392
0.631162
0.943322
0.405232
0.738401
0.312233
0.692999
0.227244
0.291012
0.046518
0.820690
0.343778
0.873636
0.194136
0.847725
0.722389
0.197290
0.848916
0.723607
0.667886
0.166818
0.715103
0.742394
0.423623
0.830149
0.311253
0.225011
0.754180
0.507025
0.574379
0.581047
0.649559
0.144669
0.459438
0.767345
0.775616
0.781404
0.059550
0.864174
0.173794
0.958592
0.048394
0.356349
0.154238
0.270547
0.080860
0.014594
0.276331
0.291355
0.806577
0.133546
0.504412
0.656379
0.758294
0.648638
0.666075
0.730475
0.096980
0.935855
0.910379
0.747749
0.421500
0.158873
0.171245
0.108140
0.506095
0.943797
0.388238
0.123836
0.319346
0.248662
0.268146
0.726496
0.213681
0.336002
0.187881
0.713196
0.682205
0.819064
0.008939
0.234037
0.465124
0.336612
0.435737
0.424528
0.046692
0.760455
0.962374
0.611575
0.732640
0.475744
0.828835
0.237166
0.050460
0.077457
0.817538
0.367671
0.451029
0.438597
0.503496
0.249889
0.886974
0.370106
0.369979
0.244009
0.056162
0.915230
0.276094
0.318189
0.806897
0.513259
0.343839
0.909565
0.061926
0.790593
0.488451
0.399903
0.162655
0.737188
0.917270
0.556280
0.405582
0.611379
0.452295
0.727222
0.414091
0.620872
0.990571
0.524099
0.537098
0.010243
0.155486
0.258193
0.442736
0.071701
0.071804
0.815699
0.460267
0.704974
0.503320
0.297462
0.440237
0.062756
0.735562
0.598600
0.673752
0.757165
0.671438
0.862755
0.324139
0.806045
0.192224
0.711432
0.044379
0.869927
0.857817
0.335104
0.091190
0.633681
0.284746
0.729790
0.580798
0.473651
0.658588
0.883279
0.275105
0.693517
0.947314
0.510721
0.696059
0.669828
0.804797
0.228410
0.882121
0.805478
0.664105
0.609711
0.412136
0.770618
0.777837
0.101219
0.187715
0.930507
0.027017
0.079942
0.578583
0.244474
0.869547
0.482183
0.049060
0.549544
0.183462
0.446297
0.913036
0.389868
0.515025
0.031019
0.335995
0.060209
0.937258
0.492584
0.859462
0.976995
0.352831
0.026300
0.016486
0.073468
0.779317
0.977302
0.521177
0.424682
0.636735
0.612987
0.476490
0.368933
0.656654
0.390949
0.680036
0.368837
0.044415
0.475054
0.228059
0.983011
0.460740
0.663711
0.990074
0.172471
0.721842
0.99245